"../../../Engine/Content/EditorBlueprintResources/StandardMacros.uasset" 0
"../../../../../../Users/Owner/Documents/Unreal Projects/RANDO/Content/CustomLibraries/MAcroLibraries/FloatCheckers.uasset" 1
"../../../Engine/Content/BasicShapes/BasicShapeMaterial.uasset" 2
"../../../Engine/Content/Functions/Engine_MaterialFunctions01/Opacity/CameraDepthFade.uasset" 3
"../../../Engine/Content/EngineMaterials/T_Default_Material_Grid_M.uasset" 4
"../../../Engine/Content/EngineMaterials/T_Default_Material_Grid_N.uasset" 5
"../../../Engine/Content/EngineMaterials/WorldGridMaterial.uasset" 6
"../../../Engine/Content/BasicShapes/Cube.uasset" 7
"../../../../../../Users/Owner/Documents/Unreal Projects/RANDO/Content/Projectiles/Projectile.uasset" 8
"../../../../../../Users/Owner/Documents/Unreal Projects/RANDO/Content/Materials/MainCharacterMaterial.uasset" 9
"../../../Engine/Content/EngineMeshes/SkeletalCube_Skeleton.uasset" 10
"../../../Engine/Content/EngineMeshes/SkeletalCube.uasset" 11
"../../../../../../Users/Owner/Documents/Unreal Projects/RANDO/Content/WIdgets/Fonts/DOSIS-MEDIUM.uasset" 12
"../../../../../../Users/Owner/Documents/Unreal Projects/RANDO/Content/WIdgets/Fonts/DOSIS-MEDIUM_Font.uasset" 13
"../../../../../../Users/Owner/Documents/Unreal Projects/RANDO/Content/WIdgets/Gameover.uasset" 14
"../../../../../../Users/Owner/Documents/Unreal Projects/RANDO/Content/WIdgets/GameplayUI.uasset" 15
"../../../../../../Users/Owner/Documents/Unreal Projects/RANDO/Content/WIdgets/Fonts/DOSIS-BOLD.uasset" 16
"../../../../../../Users/Owner/Documents/Unreal Projects/RANDO/Content/WIdgets/Fonts/DOSIS-BOLD_Font.uasset" 17
"../../../../../../Users/Owner/Documents/Unreal Projects/RANDO/Content/WIdgets/PauseMenu.uasset" 18
"../../../../../../Users/Owner/Documents/Unreal Projects/RANDO/Content/Main/MainCharacter.uasset" 19
"../../../../../../Users/Owner/Documents/Unreal Projects/RANDO/Content/Main/MainGameMode.uasset" 20
"../../../../../../Users/Owner/Documents/Unreal Projects/RANDO/Content/MouseUI/Crosshair_for_MAG.uasset" 21
"../../../../../../Users/Owner/Documents/Unreal Projects/RANDO/Content/MouseUI/Crosshair_Material.uasset" 22
"../../../../../../Users/Owner/Documents/Unreal Projects/RANDO/Content/MouseUI/Mouse_cursor.uasset" 23
"../../../../../../Users/Owner/Documents/Unreal Projects/RANDO/Content/WIdgets/Fonts/DOSIS-EXTRALIGHT.uasset" 24
"../../../../../../Users/Owner/Documents/Unreal Projects/RANDO/Content/WIdgets/Fonts/DOSIS-EXTRALIGHT_Font.uasset" 25
"../../../../../../Users/Owner/Documents/Unreal Projects/RANDO/Content/WIdgets/Fonts/DOSIS-LIGHT.uasset" 26
"../../../../../../Users/Owner/Documents/Unreal Projects/RANDO/Content/WIdgets/Fonts/DOSIS-LIGHT_Font.uasset" 27
"../../../../../../Users/Owner/Documents/Unreal Projects/RANDO/Content/WIdgets/Fonts/DOSIS-REGULAR.uasset" 28
"../../../../../../Users/Owner/Documents/Unreal Projects/RANDO/Content/WIdgets/Fonts/DOSIS-REGULAR_Font.uasset" 29
"../../../../../../Users/Owner/Documents/Unreal Projects/RANDO/Content/WIdgets/Fonts/DOSIS-SEMIBOLD.uasset" 30
"../../../../../../Users/Owner/Documents/Unreal Projects/RANDO/Content/WIdgets/Fonts/DOSIS-SEMIBOLD_Font.uasset" 31
"../../../Engine/Content/Animation/DefaultAnimCurveCompressionSettings.uasset" 32
"../../../Engine/Content/ArtTools/RenderToTexture/Meshes/S_1_Unit_Plane.uasset" 33
"../../../Engine/Content/EngineMaterials/DefaultMaterial.uasset" 34
"../../../Engine/Content/BasicShapes/Cone.uasset" 35
"../../../Engine/Content/BasicShapes/Cylinder.uasset" 36
"../../../Engine/Content/BasicShapes/Plane.uasset" 37
"../../../Engine/Content/BasicShapes/Sphere.uasset" 38
"../../../Engine/Content/EditorLandscapeResources/DataLayer.uasset" 39
"../../../Engine/Content/EditorMaterials/MAT_Groups_Toggle.uasset" 40
"../../../Engine/Content/EditorMaterials/MAT_Groups_Visibility.uasset" 41
"../../../Engine/Content/EditorMaterials/PreviewShadowIndicator.uasset" 42
"../../../Engine/Content/EditorMaterials/PreviewShadowIndicatorMaterial.uasset" 43
"../../../Engine/Content/EditorMaterials/MatineeGroups/MAT_ColorTrack.uasset" 44
"../../../Engine/Content/EditorMaterials/MatineeGroups/MAT_Groups_Anim.uasset" 45
"../../../Engine/Content/EditorMaterials/MatineeGroups/MAT_Groups_AudioMaster.uasset" 46
"../../../Engine/Content/EditorMaterials/MatineeGroups/MAT_Groups_Director.uasset" 47
"../../../Engine/Content/EditorMaterials/MatineeGroups/MAT_Groups_Event.uasset" 48
"../../../Engine/Content/EditorMaterials/MatineeGroups/MAT_Groups_Fade.uasset" 49
"../../../Engine/Content/EditorMaterials/MatineeGroups/MAT_Groups_Float.uasset" 50
"../../../Engine/Content/EditorMaterials/MatineeGroups/MAT_Groups_Move.uasset" 51
"../../../Engine/Content/EditorMaterials/MatineeGroups/MAT_Groups_Slomo.uasset" 52
"../../../Engine/Content/EditorMaterials/MatineeGroups/MAT_Groups_Sound.uasset" 53
"../../../Engine/Content/EditorMaterials/MatineeGroups/MAT_Groups_Vector.uasset" 54
"../../../Engine/Content/EditorMaterials/ParticleSystems/PSysThumbnail_NoImage.uasset" 55
"../../../Engine/Content/EditorMaterials/ParticleSystems/PSysThumbnail_OOD.uasset" 56
"../../../Engine/Content/EditorMaterials/Camera/CineMat.uasset" 57
"../../../Engine/Content/EditorMaterials/Camera/MI_CineMat_Rig.uasset" 58
"../../../Engine/Content/EditorMeshes/Camera/SM_CraneRig_Arm.uasset" 59
"../../../Engine/Content/EditorMeshes/Camera/SM_CraneRig_Base.uasset" 60
"../../../Engine/Content/EditorMeshes/Camera/SM_CraneRig_Body.uasset" 61
"../../../Engine/Content/EditorMeshes/Camera/SM_CraneRig_Mount.uasset" 62
"../../../Engine/Content/EditorMeshes/Camera/SM_RailRig_Mount.uasset" 63
"../../../Engine/Content/EditorMeshes/Camera/SM_RailRig_Track.uasset" 64
"../../../Engine/Content/EditorResources/BSPVertex.uasset" 65
"../../../Engine/Content/EditorResources/EmptyActor.uasset" 66
"../../../Engine/Content/EditorResources/S_Actor.uasset" 67
"../../../Engine/Content/EditorResources/S_Note.uasset" 68
"../../../Engine/Content/EditorResources/S_Solver.uasset" 69
"../../../Engine/Content/EditorResources/S_Trigger.uasset" 70
"../../../Engine/Content/EditorResources/LightIcons/S_LightError.uasset" 71
"../../../Engine/Content/EditorResources/SequenceRecorder/Countdown.uasset" 72
"../../../Engine/Content/EditorResources/SequenceRecorder/RecordingIndicator.uasset" 73
"../../../Engine/Content/EditorSounds/Notifications/CompileFailed.uasset" 74
"../../../Engine/Content/EditorSounds/Notifications/CompileFailed_Cue.uasset" 75
"../../../Engine/Content/EditorSounds/Notifications/CompileSuccess.uasset" 76
"../../../Engine/Content/EditorSounds/Notifications/CompileStart_Cue.uasset" 77
"../../../Engine/Content/EditorSounds/Notifications/CompileSuccess_Cue.uasset" 78
"../../../Engine/Content/EngineDamageTypes/DmgTypeBP_Environmental.uasset" 79
"../../../Engine/Content/EngineDebugMaterials/DebugEditorMaterial.uasset" 80
"../../../Engine/Content/EngineDebugMaterials/DebugMeshMaterial.uasset" 81
"../../../Engine/Content/EngineDebugMaterials/M_SimpleTranslucent.uasset" 82
"../../../Engine/Content/Functions/Engine_MaterialFunctions02/Utility/CameraDirectionVector.uasset" 83
"../../../Engine/Content/EngineDebugMaterials/VolumeToRender.uasset" 84
"../../../Engine/Content/EngineDebugMaterials/M_VolumeRenderSphereTracePP.uasset" 85
"../../../Engine/Content/EngineDebugMaterials/WireframeMaterial.uasset" 86
"../../../Engine/Content/EngineFonts/Faces/DroidSansFallback.uasset" 87
"../../../Engine/Content/EngineFonts/Faces/RobotoBold.uasset" 88
"../../../Engine/Content/EngineFonts/Faces/RobotoBoldItalic.uasset" 89
"../../../Engine/Content/EngineFonts/Faces/RobotoItalic.uasset" 90
"../../../Engine/Content/EngineFonts/Faces/RobotoLight.uasset" 91
"../../../Engine/Content/EngineFonts/Faces/RobotoRegular.uasset" 92
"../../../Engine/Content/EngineFonts/Roboto.uasset" 93
"../../../Engine/Content/EngineMaterials/BaseFlattenDiffuseMap.uasset" 94
"../../../Engine/Content/EngineMaterials/BaseFlattenEmissiveMap.uasset" 95
"../../../Engine/Content/EngineMaterials/BaseFlattenGrayscaleMap.uasset" 96
"../../../Engine/Content/EngineMaterials/BaseFlattenNormalMap.uasset" 97
"../../../Engine/Content/EngineMaterials/BaseFlattenMaterial.uasset" 98
"../../../Engine/Content/EngineMaterials/BlueNoise.uasset" 99
"../../../Engine/Content/EngineMaterials/DefaultBloomKernel.uasset" 100
"../../../Engine/Content/EngineMaterials/DefaultBokeh.uasset" 101
"../../../Engine/Content/EngineMaterials/DefaultDiffuse.uasset" 102
"../../../Engine/Content/EngineMaterials/DefaultDeferredDecalMaterial.uasset" 103
"../../../Engine/Content/EngineMaterials/DefaultLightFunctionMaterial.uasset" 104
"../../../Engine/Content/EngineMaterials/DefaultPhysicalMaterial.uasset" 105
"../../../Engine/Content/Functions/Engine_MaterialFunctions02/Utility/BreakOutFloat2Components.uasset" 106
"../../../Engine/Content/EngineMaterials/DefaultPostProcessMaterial.uasset" 107
"../../../Engine/Content/EngineFonts/RobotoDistanceField.uasset" 108
"../../../Engine/Content/EngineMaterials/DefaultTextMaterialOpaque.uasset" 109
"../../../Engine/Content/EngineMaterials/DefaultVirtualTextureMaterial.uasset" 110
"../../../Engine/Content/EngineMaterials/DefaultWhiteGrid.uasset" 111
"../../../Engine/Content/EngineMaterials/GizmoMaterial.uasset" 112
"../../../Engine/Content/EngineMaterials/Good64x64TilingNoiseHighFreq.uasset" 113
"../../../Engine/Content/EngineMaterials/HairDefaultMaterial.uasset" 114
"../../../Engine/Content/EngineMaterials/MiniFont.uasset" 115
"../../../Engine/Content/EngineMaterials/InvalidLightmapSettings.uasset" 116
"../../../Engine/Content/EngineMaterials/M_InvalidLightmapSettings.uasset" 117
"../../../Engine/Content/Functions/Engine_MaterialFunctions02/WorldPositionOffset/CameraOffset.uasset" 118
"../../../Engine/Content/EngineMaterials/PhAT_JointLimitMaterial.uasset" 119
"../../../Engine/Content/EngineMaterials/PreintegratedSkinBRDF.uasset" 120
"../../../Engine/Content/EngineMaterials/RemoveSurfaceMaterial.uasset" 121
"../../../Engine/Content/EngineMaterials/WeightMapPlaceholderTexture.uasset" 122
"../../../Engine/Content/EngineResources/WhiteSquareTexture.uasset" 123
"../../../Engine/Content/EngineMaterials/Widget3DPassThrough.uasset" 124
"../../../Engine/Content/EngineMaterials/Widget3DPassThrough_Masked.uasset" 125
"../../../Engine/Content/EngineMaterials/Widget3DPassThrough_Opaque.uasset" 126
"../../../Engine/Content/EngineMaterials/Widget3DPassThrough_Masked_OneSided.uasset" 127
"../../../Engine/Content/EngineMaterials/Widget3DPassThrough_Opaque_OneSided.uasset" 128
"../../../Engine/Content/EngineMaterials/Widget3DPassThrough_Translucent.uasset" 129
"../../../Engine/Content/EngineMaterials/Widget3DPassThrough_Translucent_OneSided.uasset" 130
"../../../Engine/Content/EngineMeshes/Cylinder.uasset" 131
"../../../Engine/Content/EngineMeshes/Sphere.uasset" 132
"../../../Engine/Content/EngineResources/Black.uasset" 133
"../../../Engine/Content/EngineResources/DefaultTexture.uasset" 134
"../../../Engine/Content/EngineResources/DefaultTextureCube.uasset" 135
"../../../Engine/Content/EngineResources/DefaultVolumeTexture2D.uasset" 136
"../../../Engine/Content/EngineResources/DefaultVolumeTexture.uasset" 137
"../../../Engine/Content/EngineResources/GradientTexture0.uasset" 138
"../../../Engine/Content/EngineSounds/Master.uasset" 139
"../../../Engine/Content/Functions/Engine_MaterialFunctions01/Shading/ConvertFromDiffSpec.uasset" 140
"../../../Engine/Content/Functions/Engine_MaterialFunctions01/Shading/PowerToRoughness.uasset" 141
"../../../Engine/Content/Maps/Templates/Thumbnails/Default.uasset" 142
"../../../Engine/Content/Maps/Templates/Thumbnails/TimeOfDay.uasset" 143
"../../../Engine/Content/Maps/Templates/Thumbnails/VR-Basic.uasset" 144
"../../../Engine/Content/MobileResources/T_MobileControls_texture.uasset" 145
"../../../Engine/Content/MobileResources/T_MobileMenu2.uasset" 146
"../../../Engine/Content/MobileResources/HUD/AnalogHat.uasset" 147
"../../../Engine/Content/MobileResources/HUD/VirtualJoystick_Background.uasset" 148
"../../../Engine/Content/MobileResources/HUD/VirtualJoystick_Thumb.uasset" 149
"../../../Engine/Content/MobileResources/HUD/DefaultVirtualJoysticks.uasset" 150
"../../../Engine/Content/MobileResources/HUD/LeftVirtualJoystickOnly.uasset" 151
"../../../Engine/Content/MobileResources/HUD/MobileHUDButton1_off.uasset" 152
"../../../Engine/Content/MobileResources/HUD/MobileHUDButton1_on.uasset" 153
"../../../Engine/Content/MobileResources/HUD/MobileHUDButton2_off.uasset" 154
"../../../Engine/Content/MobileResources/HUD/MobileHUDButton2_on.uasset" 155
"../../../Engine/Content/MobileResources/HUD/MobileHUDButton3.uasset" 156
"../../../Engine/Content/MobileResources/HUD/MobileHUDButtonFire.uasset" 157
"../../../Engine/Content/MobileResources/HUD/MobileHUDDirectionPad.uasset" 158
"../../../Engine/Content/MobileResources/HUD/MobileHUDDirectionPad2.uasset" 159
"../../../Engine/Content/MobileResources/HUD/MobileHUDDirectionPad3.uasset" 160
"../../../Engine/Content/MobileResources/HUD/MobileHUDDirectionStick.uasset" 161
"../../../Engine/Content/MobileResources/HUD/T_Castle_ThumbstickInner.uasset" 162
"../../../Engine/Content/MobileResources/HUD/T_Castle_ThumbstickOutter.uasset" 163
"../../../Engine/Content/Tutorial/ContentIntroCurve.uasset" 164
"../../../Engine/Content/Tutorial/Basics/LevelEditorAttract.uasset" 165
"../../../Engine/Content/Tutorial/Basics/TutorialAssets/icon_tab_Levels_40x.uasset" 166
"../../../Engine/Content/Tutorial/Basics/LevelEditorOverview.uasset" 167
"../../../Engine/Content/Tutorial/BlueprintTutorials/TutorialAssets/Blueprint_64x.uasset" 168
"../../../Engine/Content/Tutorial/BlueprintTutorials/BlueprintEditorTutorial.uasset" 169
"../../../Engine/Content/Tutorial/BlueprintTutorials/LevelBlueprintEditorOverview.uasset" 170
"../../../Engine/Content/Tutorial/Foliage/TutorialAssets/Foliage.uasset" 171
"../../../Engine/Content/Tutorial/Foliage/Foliage_Intro_Tutorial.uasset" 172
"../../../Engine/Content/Tutorial/Foliage/Foliage_Settings_Tutorial.uasset" 173
"../../../Engine/Content/Tutorial/Foliage/Foliage_Using_The_Tool_Tutorial.uasset" 174
"../../../Engine/Content/Tutorial/Installation/InstallingVisualStudioTutorial.uasset" 175
"../../../Engine/Content/Tutorial/InWorldBlueprintEditing/IWBE_Tutorial.uasset" 176
"../../../Engine/Content/Tutorial/InWorldBlueprintEditing/IWBE_Tutorial_Part2.uasset" 177
"../../../Engine/Content/Tutorial/InWorldBlueprintEditing/IWBE_Tutorial_Part3.uasset" 178
"../../../Engine/Content/Tutorial/Landscape/TutorialAssets/Landscape.uasset" 179
"../../../Engine/Content/Tutorial/Landscape/LandscapeWalkThrough.uasset" 180
"../../../Engine/Content/Tutorial/Landscape/Landscape_Manage_Mode.uasset" 181
"../../../Engine/Content/Tutorial/Landscape/Landscape_Painting_Mode.uasset" 182
"../../../Engine/Content/Tutorial/Landscape/Landscape_Sculpt_Mode.uasset" 183
"../../../Engine/Content/Tutorial/Paper2D/TutorialAssets/Paper2DSprite_TutorialIcon.uasset" 184
"../../../Engine/Content/Tutorial/Paper2D/SpriteEditorTutorial.uasset" 185
"../../../Engine/Content/Tutorial/SubEditors/GettingSubstance.uasset" 186
"../../../Engine/Content/Tutorial/SubEditors/MaterialEditorTutorial.uasset" 187
"../../../Engine/Content/Tutorial/SubEditors/TutorialAssets/TutorialMaterial.uasset" 188
"../../../Engine/Content/VREditor/LaserPointer/VR_LaserPower_01.uasset" 189
"../../../Engine/Content/VREditor/TransformGizmo/TransformGizmoMaterial.uasset" 190
"../../../Engine/Content/VREditor/TransformGizmo/TranslucentTransformGizmoMaterial.uasset" 191
"../../../Engine/Content/VREditor/TransformGizmo/BoundingBoxCorner.uasset" 192
"../../../Engine/Content/VREditor/TransformGizmo/BoundingBoxEdge.uasset" 193
"../../../Engine/Content/VREditor/TransformGizmo/PlaneTranslationHandle.uasset" 194
"../../../Engine/Content/VREditor/TransformGizmo/Main.uasset" 195
"../../../Engine/Content/VREditor/TransformGizmo/Xray.uasset" 196
"../../../Engine/Content/VREditor/TransformGizmo/SM_Sequencer_Key.uasset" 197
"../../../Engine/Content/VREditor/TransformGizmo/SM_Sequencer_Node.uasset" 198
"../../Plugins/2D/Paper2D/Content/PlaceholderTextures/DummySpriteTexture.uasset" 199
"../../Plugins/2D/Paper2D/Content/DummySprite.uasset" 200
"../../Plugins/2D/Paper2D/Content/DefaultPaperTerrainMaterial.uasset" 201
"../../Plugins/2D/Paper2D/Content/DummySpriteTexture.uasset" 202
"../../Plugins/2D/Paper2D/Content/DefaultSpriteMaterial.uasset" 203
"../../Plugins/2D/Paper2D/Content/MaskedUnlitSpriteMaterial.uasset" 204
"../../Plugins/2D/Paper2D/Content/OpaqueUnlitSpriteMaterial.uasset" 205
"../../../Engine/Content/Functions/Engine_MaterialFunctions02/Utility/BreakOutFloat4Components.uasset" 206
"../../../Engine/Content/Functions/Engine_MaterialFunctions02/Utility/MakeFloat2.uasset" 207
"../../../Engine/Content/Functions/Engine_MaterialFunctions02/Utility/MakeFloat3.uasset" 208
"../../Plugins/Runtime/Oculus/OculusVR/Content/Materials/OculusMR_ChromaKey.uasset" 209
"../../Plugins/Runtime/Oculus/OculusVR/Content/Materials/OculusMR_ChromaKey_Lit.uasset" 210
"../../Plugins/Runtime/Oculus/OculusVR/Content/Materials/OculusMR_OpaqueColoredMaterial.uasset" 211
"../../Plugins/Runtime/Oculus/OculusVR/Content/Materials/OculusMR_WhiteMaterial.uasset" 212
"../../../../../../Users/Owner/Documents/Unreal Projects/RANDO/Content/Materials/EnemyMaterial.uasset" 213
"../../../../../../Users/Owner/Documents/Unreal Projects/RANDO/Content/Enemies/Enemy1.uasset" 214
"../../../../../../Users/Owner/Documents/Unreal Projects/RANDO/Content/DestroyActorBox.uasset" 215
"../../../Engine/Content/EngineSky/C_Sky_Cloud_Color.uasset" 216
"../../../Engine/Content/EngineSky/C_Sky_Horizon_Color.uasset" 217
"../../../Engine/Content/EngineSky/C_Sky_Zenith_Color.uasset" 218
"../../../Engine/Content/EngineSky/T_Sky_Blue.uasset" 219
"../../../Engine/Content/EngineSky/T_Sky_Clouds_M.uasset" 220
"../../../Engine/Content/EngineSky/T_Sky_Stars.uasset" 221
"../../../Engine/Content/EngineSky/M_Sky_Panning_Clouds2.uasset" 222
"../../../Engine/Content/EngineSky/SM_SkySphere.uasset" 223
"../../../Engine/Content/EngineSky/BP_Sky_Sphere.uasset" 224
"../../../../../../Users/Owner/Documents/Unreal Projects/RANDO/Content/Enemies/BoxSpawner.uasset" 225
"../../../Engine/Content/EngineMaterials/DefaultWhiteGrid_Low.uasset" 226
"../../../Engine/Content/EngineMaterials/EmissiveMeshMaterial.uasset" 227
"../../../../../../Users/Owner/Documents/Unreal Projects/RANDO/Content/Specials_Powerups/MoreBullets.uasset" 228
"../../../../../../Users/Owner/Documents/Unreal Projects/RANDO/Content/Main/Dosire_Powerup_spanwer.uasset" 229
"../../../../../../Users/Owner/Documents/Unreal Projects/RANDO/Content/Levels/Level1_BuiltData.uasset" 230
"../../../../../../Users/Owner/Documents/Unreal Projects/RANDO/Content/Materials/GroundMaterial.uasset" 231
"../../../../../../Users/Owner/Documents/Unreal Projects/RANDO/Content/WIdgets/Fonts/DOSIS-EXTRABOLD.uasset" 232
"../../../../../../Users/Owner/Documents/Unreal Projects/RANDO/Content/WIdgets/Fonts/DOSIS-EXTRABOLD_Font.uasset" 233
"../../../../../../Users/Owner/Documents/Unreal Projects/RANDO/Content/WIdgets/Menu.uasset" 234
"../../../../../../Users/Owner/Documents/Unreal Projects/RANDO/Content/Levels/Level1.umap" 235
"../../../Engine/Content/Maps/Entry_BuiltData.uasset" 236
"../../../Engine/Content/Maps/Entry.umap" 237
